This is pdfTeX, Version 3.1415926-2.5-1.40.14 (TeX Live 2013) (format=pdflatex 2014.2.27)  18 AUG 2014 15:56
entering extended mode
 restricted \write18 enabled.
 %&-line parsing enabled.
**tutorial-knitr-pac.tex
(./tutorial-knitr-pac.tex
LaTeX2e <2011/06/27>
Babel <3.9f> and hyphenation patterns for 78 languages loaded.
(/usr/local/texlive/2013/texmf-dist/tex/latex/base/article.cls
Document Class: article 2007/10/19 v1.4h Standard LaTeX document class
(/usr/local/texlive/2013/texmf-dist/tex/latex/base/size12.clo
File: size12.clo 2007/10/19 v1.4h Standard LaTeX file (size option)
)
\c@part=\count79
\c@section=\count80
\c@subsection=\count81
\c@subsubsection=\count82
\c@paragraph=\count83
\c@subparagraph=\count84
\c@figure=\count85
\c@table=\count86
\abovecaptionskip=\skip41
\belowcaptionskip=\skip42
\bibindent=\dimen102
)
(/usr/local/texlive/2013/texmf-dist/tex/latex/graphics/graphicx.sty
Package: graphicx 1999/02/16 v1.0f Enhanced LaTeX Graphics (DPC,SPQR)

(/usr/local/texlive/2013/texmf-dist/tex/latex/graphics/keyval.sty
Package: keyval 1999/03/16 v1.13 key=value parser (DPC)
\KV@toks@=\toks14
)
(/usr/local/texlive/2013/texmf-dist/tex/latex/graphics/graphics.sty
Package: graphics 2009/02/05 v1.0o Standard LaTeX Graphics (DPC,SPQR)

(/usr/local/texlive/2013/texmf-dist/tex/latex/graphics/trig.sty
Package: trig 1999/03/16 v1.09 sin cos tan (DPC)
)
(/usr/local/texlive/2013/texmf-dist/tex/latex/latexconfig/graphics.cfg
File: graphics.cfg 2010/04/23 v1.9 graphics configuration of TeX Live
)
Package graphics Info: Driver file: pdftex.def on input line 91.

(/usr/local/texlive/2013/texmf-dist/tex/latex/pdftex-def/pdftex.def
File: pdftex.def 2011/05/27 v0.06d Graphics/color for pdfTeX

(/usr/local/texlive/2013/texmf-dist/tex/generic/oberdiek/infwarerr.sty
Package: infwarerr 2010/04/08 v1.3 Providing info/warning/error messages (HO)
)
(/usr/local/texlive/2013/texmf-dist/tex/generic/oberdiek/ltxcmds.sty
Package: ltxcmds 2011/11/09 v1.22 LaTeX kernel commands for general use (HO)
)
\Gread@gobject=\count87
))
\Gin@req@height=\dimen103
\Gin@req@width=\dimen104
)
(/usr/local/texlive/2013/texmf-dist/tex/latex/graphics/color.sty
Package: color 2005/11/14 v1.0j Standard LaTeX Color (DPC)

(/usr/local/texlive/2013/texmf-dist/tex/latex/latexconfig/color.cfg
File: color.cfg 2007/01/18 v1.5 color configuration of teTeX/TeXLive
)
Package color Info: Driver file: pdftex.def on input line 130.
)
(/usr/local/texlive/2013/texmf-dist/tex/latex/framed/framed.sty
Package: framed 2011/10/22 v 0.96: framed or shaded text with page breaks
\OuterFrameSep=\skip43
\fb@frw=\dimen105
\fb@frh=\dimen106
\FrameRule=\dimen107
\FrameSep=\dimen108
)
(/usr/local/texlive/2013/texmf-dist/tex/latex/base/alltt.sty
Package: alltt 1997/06/16 v2.0g defines alltt environment
)
(/usr/local/texlive/2013/texmf-dist/tex/latex/xcolor/xcolor.sty
Package: xcolor 2007/01/21 v2.11 LaTeX color extensions (UK)

(/usr/local/texlive/2013/texmf-dist/tex/latex/latexconfig/color.cfg
File: color.cfg 2007/01/18 v1.5 color configuration of teTeX/TeXLive
)
Package xcolor Info: Package option `usenames' ignored on input line 216.
Package xcolor Info: Driver file: pdftex.def on input line 225.
LaTeX Info: Redefining \color on input line 702.
Package xcolor Info: Model `cmy' substituted by `cmy0' on input line 1337.
Package xcolor Info: Model `hsb' substituted by `rgb' on input line 1341.
Package xcolor Info: Model `RGB' extended on input line 1353.
Package xcolor Info: Model `HTML' substituted by `rgb' on input line 1355.
Package xcolor Info: Model `Hsb' substituted by `hsb' on input line 1356.
Package xcolor Info: Model `tHsb' substituted by `hsb' on input line 1357.
Package xcolor Info: Model `HSB' substituted by `hsb' on input line 1358.
Package xcolor Info: Model `Gray' substituted by `gray' on input line 1359.
Package xcolor Info: Model `wave' substituted by `hsb' on input line 1360.

(/usr/local/texlive/2013/texmf-dist/tex/latex/graphics/dvipsnam.def
File: dvipsnam.def 1999/02/16 v3.0i Driver-dependant file (DPC,SPQR)
))
(/usr/local/texlive/2013/texmf-dist/tex/latex/amsmath/amsmath.sty
Package: amsmath 2013/01/14 v2.14 AMS math features
\@mathmargin=\skip44

For additional information on amsmath, use the `?' option.
(/usr/local/texlive/2013/texmf-dist/tex/latex/amsmath/amstext.sty
Package: amstext 2000/06/29 v2.01

(/usr/local/texlive/2013/texmf-dist/tex/latex/amsmath/amsgen.sty
File: amsgen.sty 1999/11/30 v2.0
\@emptytoks=\toks15
\ex@=\dimen109
))
(/usr/local/texlive/2013/texmf-dist/tex/latex/amsmath/amsbsy.sty
Package: amsbsy 1999/11/29 v1.2d
\pmbraise@=\dimen110
)
(/usr/local/texlive/2013/texmf-dist/tex/latex/amsmath/amsopn.sty
Package: amsopn 1999/12/14 v2.01 operator names
)
\inf@bad=\count88
LaTeX Info: Redefining \frac on input line 210.
\uproot@=\count89
\leftroot@=\count90
LaTeX Info: Redefining \overline on input line 306.
\classnum@=\count91
\DOTSCASE@=\count92
LaTeX Info: Redefining \ldots on input line 378.
LaTeX Info: Redefining \dots on input line 381.
LaTeX Info: Redefining \cdots on input line 466.
\Mathstrutbox@=\box26
\strutbox@=\box27
\big@size=\dimen111
LaTeX Font Info:    Redeclaring font encoding OML on input line 566.
LaTeX Font Info:    Redeclaring font encoding OMS on input line 567.
\macc@depth=\count93
\c@MaxMatrixCols=\count94
\dotsspace@=\muskip10
\c@parentequation=\count95
\dspbrk@lvl=\count96
\tag@help=\toks16
\row@=\count97
\column@=\count98
\maxfields@=\count99
\andhelp@=\toks17
\eqnshift@=\dimen112
\alignsep@=\dimen113
\tagshift@=\dimen114
\tagwidth@=\dimen115
\totwidth@=\dimen116
\lineht@=\dimen117
\@envbody=\toks18
\multlinegap=\skip45
\multlinetaggap=\skip46
\mathdisplay@stack=\toks19
LaTeX Info: Redefining \[ on input line 2665.
LaTeX Info: Redefining \] on input line 2666.
)
(/usr/local/texlive/2013/texmf-dist/tex/latex/booktabs/booktabs.sty
Package: booktabs 2005/04/14 v1.61803 publication quality tables
\heavyrulewidth=\dimen118
\lightrulewidth=\dimen119
\cmidrulewidth=\dimen120
\belowrulesep=\dimen121
\belowbottomsep=\dimen122
\aboverulesep=\dimen123
\abovetopsep=\dimen124
\cmidrulesep=\dimen125
\cmidrulekern=\dimen126
\defaultaddspace=\dimen127
\@cmidla=\count100
\@cmidlb=\count101
\@aboverulesep=\dimen128
\@belowrulesep=\dimen129
\@thisruleclass=\count102
\@lastruleclass=\count103
\@thisrulewidth=\dimen130
)
(/usr/local/texlive/2013/texmf-dist/tex/latex/upquote/upquote.sty
Package: upquote 2012/04/19 v1.3 upright-quote and grave-accent glyphs in verba
tim
)
(./tutorial-knitr-pac.aux)
\openout1 = `tutorial-knitr-pac.aux'.

LaTeX Font Info:    Checking defaults for OML/cmm/m/it on input line 60.
LaTeX Font Info:    ... okay on input line 60.
LaTeX Font Info:    Checking defaults for T1/cmr/m/n on input line 60.
LaTeX Font Info:    ... okay on input line 60.
LaTeX Font Info:    Checking defaults for OT1/cmr/m/n on input line 60.
LaTeX Font Info:    ... okay on input line 60.
LaTeX Font Info:    Checking defaults for OMS/cmsy/m/n on input line 60.
LaTeX Font Info:    ... okay on input line 60.
LaTeX Font Info:    Checking defaults for OMX/cmex/m/n on input line 60.
LaTeX Font Info:    ... okay on input line 60.
LaTeX Font Info:    Checking defaults for U/cmr/m/n on input line 60.
LaTeX Font Info:    ... okay on input line 60.

(/usr/local/texlive/2013/texmf-dist/tex/context/base/supp-pdf.mkii
[Loading MPS to PDF converter (version 2006.09.02).]
\scratchcounter=\count104
\scratchdimen=\dimen131
\scratchbox=\box28
\nofMPsegments=\count105
\nofMParguments=\count106
\everyMPshowfont=\toks20
\MPscratchCnt=\count107
\MPscratchDim=\dimen132
\MPnumerator=\count108
\makeMPintoPDFobject=\count109
\everyMPtoPDFconversion=\toks21
) (/usr/local/texlive/2013/texmf-dist/tex/generic/oberdiek/pdftexcmds.sty
Package: pdftexcmds 2011/11/29 v0.20 Utility functions of pdfTeX for LuaTeX (HO
)

(/usr/local/texlive/2013/texmf-dist/tex/generic/oberdiek/ifluatex.sty
Package: ifluatex 2010/03/01 v1.3 Provides the ifluatex switch (HO)
Package ifluatex Info: LuaTeX not detected.
)
(/usr/local/texlive/2013/texmf-dist/tex/generic/oberdiek/ifpdf.sty
Package: ifpdf 2011/01/30 v2.3 Provides the ifpdf switch (HO)
Package ifpdf Info: pdfTeX in PDF mode is detected.
)
Package pdftexcmds Info: LuaTeX not detected.
Package pdftexcmds Info: \pdf@primitive is available.
Package pdftexcmds Info: \pdf@ifprimitive is available.
Package pdftexcmds Info: \pdfdraftmode found.
)
(/usr/local/texlive/2013/texmf-dist/tex/latex/oberdiek/epstopdf-base.sty
Package: epstopdf-base 2010/02/09 v2.5 Base part for package epstopdf

(/usr/local/texlive/2013/texmf-dist/tex/latex/oberdiek/grfext.sty
Package: grfext 2010/08/19 v1.1 Manage graphics extensions (HO)

(/usr/local/texlive/2013/texmf-dist/tex/generic/oberdiek/kvdefinekeys.sty
Package: kvdefinekeys 2011/04/07 v1.3 Define keys (HO)
))
(/usr/local/texlive/2013/texmf-dist/tex/latex/oberdiek/kvoptions.sty
Package: kvoptions 2011/06/30 v3.11 Key value format for package options (HO)

(/usr/local/texlive/2013/texmf-dist/tex/generic/oberdiek/kvsetkeys.sty
Package: kvsetkeys 2012/04/25 v1.16 Key value parser (HO)

(/usr/local/texlive/2013/texmf-dist/tex/generic/oberdiek/etexcmds.sty
Package: etexcmds 2011/02/16 v1.5 Avoid name clashes with e-TeX commands (HO)
Package etexcmds Info: Could not find \expanded.
(etexcmds)             That can mean that you are not using pdfTeX 1.50 or
(etexcmds)             that some package has redefined \expanded.
(etexcmds)             In the latter case, load this package earlier.
)))
Package grfext Info: Graphics extension search list:
(grfext)             [.png,.pdf,.jpg,.mps,.jpeg,.jbig2,.jb2,.PNG,.PDF,.JPG,.JPE
G,.JBIG2,.JB2,.eps]
(grfext)             \AppendGraphicsExtensions on input line 452.

(/usr/local/texlive/2013/texmf-dist/tex/latex/latexconfig/epstopdf-sys.cfg
File: epstopdf-sys.cfg 2010/07/13 v1.3 Configuration of (r)epstopdf for TeX Liv
e
))
[1

{/usr/local/texlive/2013/texmf-var/fonts/map/pdftex/updmap/pdftex.map}]
LaTeX Font Info:    Try loading font information for OMS+cmr on input line 78.

(/usr/local/texlive/2013/texmf-dist/tex/latex/base/omscmr.fd
File: omscmr.fd 1999/05/25 v2.5h Standard LaTeX font definitions
)
LaTeX Font Info:    Font shape `OMS/cmr/m/n' in size <12> not available
(Font)              Font shape `OMS/cmsy/m/n' tried instead on input line 78.
LaTeX Font Info:    Font shape `OT1/cmtt/bx/n' in size <17.28> not available
(Font)              Font shape `OT1/cmtt/m/n' tried instead on input line 85.


Package xcolor Warning: Incompatible color definition on input line 90.

LaTeX Font Info:    Font shape `OT1/cmtt/bx/n' in size <10> not available
(Font)              Font shape `OT1/cmtt/m/n' tried instead on input line 92.
[2]

Package xcolor Warning: Incompatible color definition on input line 100.


Package xcolor Warning: Incompatible color definition on input line 110.


Package xcolor Warning: Incompatible color definition on input line 118.


Package xcolor Warning: Incompatible color definition on input line 127.


LaTeX Warning: No positions in optional float specifier.
               Default added (so using `tbp') on input line 135.

<images/gkin.png, id=16, 505.89pt x 505.89pt>
File: images/gkin.png Graphic file (type png)
 <use images/gkin.png>
Package pdftex.def Info: images/gkin.png used on input line 138.
(pdftex.def)             Requested size: 390.0pt x 390.00737pt.


Package xcolor Warning: Incompatible color definition on input line 149.


Overfull \hbox (3.74657pt too wide) in paragraph at lines 153--153
[][]\OT1/cmtt/m/n/10 plot[][](gkin.mds,[] []xlab[] []=[] []"MDS1"[][],[] []ylab
[] []=[] []"MDS2"[][],[] []col[] []= pop,[] []las[] []=[] []1[][],[] []bty[] []
=[] []"n"[][])[][] 
 []


LaTeX Warning: No positions in optional float specifier.
               Default added (so using `tbp') on input line 156.

<images/gkin_pops.png, id=17, 505.89pt x 505.89pt>
File: images/gkin_pops.png Graphic file (type png)
 <use images/gkin_pops.png>
Package pdftex.def Info: images/gkin_pops.png used on input line 159.
(pdftex.def)             Requested size: 390.0pt x 390.00737pt.


Package xcolor Warning: Incompatible color definition on input line 171.

[3] [4 <./images/gkin.png>] [5 <./images/gkin_pops.png>]

Package xcolor Warning: Incompatible color definition on input line 180.


Package xcolor Warning: Incompatible color definition on input line 186.

<images/plot_pac1.png, id=30, 650.43pt x 361.35pt>
File: images/plot_pac1.png Graphic file (type png)
 <use images/plot_pac1.png>
Package pdftex.def Info: images/plot_pac1.png used on input line 188.
(pdftex.def)             Requested size: 390.0pt x 216.67383pt.


Package xcolor Warning: Incompatible color definition on input line 197.

[6 <./images/plot_pac1.png>]
<images/plot_pac_smooth.png, id=35, 650.43pt x 361.35pt>
File: images/plot_pac_smooth.png Graphic file (type png)

<use images/plot_pac_smooth.png>
Package pdftex.def Info: images/plot_pac_smooth.png used on input line 212.
(pdftex.def)             Requested size: 390.0pt x 216.67383pt.


Package xcolor Warning: Incompatible color definition on input line 221.

LaTeX Font Info:    Try loading font information for OMS+cmtt on input line 227
.
(/Library/Frameworks/R.framework/Resources/share/texmf/tex/latex/omscmtt.fd
File: omscmtt.fd 
)
LaTeX Font Info:    Font shape `OMS/cmtt/m/n' in size <10> not available
(Font)              Font shape `OMS/cmsy/m/n' tried instead on input line 227.

<images/pac_plot_smooth2.png, id=36, 650.43pt x 361.35pt>
File: images/pac_plot_smooth2.png Graphic file (type png)

<use images/pac_plot_smooth2.png>
Package pdftex.def Info: images/pac_plot_smooth2.png used on input line 237.
(pdftex.def)             Requested size: 390.0pt x 216.67383pt.
 [7 <./images/plot_pac_smooth.png>]

Package xcolor Warning: Incompatible color definition on input line 246.

<images/pac_plot_filtered_windows.png, id=41, 650.43pt x 361.35pt>
File: images/pac_plot_filtered_windows.png Graphic file (type png)

<use images/pac_plot_filtered_windows.png>
Package pdftex.def Info: images/pac_plot_filtered_windows.png used on input lin
e 263.
(pdftex.def)             Requested size: 390.0pt x 216.67383pt.
 [8 <./images/pac_plot_smooth2.png>]

Package xcolor Warning: Incompatible color definition on input line 274.

<images/fst.png, id=45, 650.43pt x 361.35pt>
File: images/fst.png Graphic file (type png)
 <use images/fst.png>
Package pdftex.def Info: images/fst.png used on input line 281.
(pdftex.def)             Requested size: 390.0pt x 216.67383pt.


Package xcolor Warning: Incompatible color definition on input line 290.


Overfull \hbox (0.70532pt too wide) in paragraph at lines 288--290
[]\OT1/cmr/m/n/12 The \OT1/cmtt/m/n/12 computeFstats \OT1/cmr/m/n/12 func-tion 
re-turns an ob-ject of \OT1/cmtt/m/n/12 fstats.result \OT1/cmr/m/n/12 class whi
ch
 []

[9 <./images/pac_plot_filtered_windows.png> <./images/fst.png>]
Overfull \hbox (8.99652pt too wide) in paragraph at lines 301--301
[]\OT1/cmtt/m/n/10 ##    p.bar    q.bar       HI       HS       HT       FIS   
   FST       FIT[] 
 []


Overfull \hbox (8.99652pt too wide) in paragraph at lines 301--301
[]\OT1/cmtt/m/n/10 ## 1 1.0000 0.000000 0.000000 0.000000 0.000000       NaN   
   NaN       NaN[] 
 []


Overfull \hbox (8.99652pt too wide) in paragraph at lines 301--301
[]\OT1/cmtt/m/n/10 ## 2 1.0000 0.000000 0.000000 0.000000 0.000000       NaN   
   NaN       NaN[] 
 []


Overfull \hbox (8.99652pt too wide) in paragraph at lines 301--301
[]\OT1/cmtt/m/n/10 ## 3 0.9975 0.002463 0.004926 0.004909 0.004914 -0.003517 0.
001044 -0.002469[] 
 []


Overfull \hbox (8.99652pt too wide) in paragraph at lines 301--301
[]\OT1/cmtt/m/n/10 ## 4 1.0000 0.000000 0.000000 0.000000 0.000000       NaN   
   NaN       NaN[] 
 []


Overfull \hbox (8.99652pt too wide) in paragraph at lines 301--301
[]\OT1/cmtt/m/n/10 ## 5 0.9951 0.004926 0.009852 0.009783 0.009804 -0.007058 0.
002093 -0.004950[] 
 []


Package xcolor Warning: Incompatible color definition on input line 312.

[10]

Package xcolor Warning: Incompatible color definition on input line 344.

<images/ld_decay.png, id=55, 650.43pt x 361.35pt>
File: images/ld_decay.png Graphic file (type png)
 <use images/ld_decay.png>
Package pdftex.def Info: images/ld_decay.png used on input line 351.
(pdftex.def)             Requested size: 390.0pt x 216.67383pt.


Package xcolor Warning: Incompatible color definition on input line 362.

[11 <./images/ld_decay.png>]
<images/plot_ervs.png, id=59, 650.43pt x 361.35pt>
File: images/plot_ervs.png Graphic file (type png)
 <use images/plot_ervs.png>
Package pdftex.def Info: images/plot_ervs.png used on input line 368.
(pdftex.def)             Requested size: 390.0pt x 216.67383pt.


Package xcolor Warning: Incompatible color definition on input line 380.


Package xcolor Warning: Incompatible color definition on input line 386.


Package xcolor Warning: Incompatible color definition on input line 392.

[12 <./images/plot_ervs.png>]

Package xcolor Warning: Incompatible color definition on input line 422.

<images/plot_qq.png, id=63, 361.35pt x 361.35pt>
File: images/plot_qq.png Graphic file (type png)
 <use images/plot_qq.png>
Package pdftex.def Info: images/plot_qq.png used on input line 428.
(pdftex.def)             Requested size: 390.0pt x 390.00407pt.

[13 <./images/plot_qq.png>]

Package xcolor Warning: Incompatible color definition on input line 440.

<images/plot_Manhattan_LD.png, id=68, 650.43pt x 361.35pt>
File: images/plot_Manhattan_LD.png Graphic file (type png)

<use images/plot_Manhattan_LD.png>
Package pdftex.def Info: images/plot_Manhattan_LD.png used on input line 447.
(pdftex.def)             Requested size: 390.0pt x 216.67383pt.

Overfull \hbox (2.0871pt too wide) in paragraph at lines 456--457
\OT1/cmtt/m/n/12 clump.markers \OT1/cmr/m/n/12 func-tion im-ple-ments clump-ing
 pro-ce-dure de-scribed in PLINK
 []


Package xcolor Warning: Incompatible color definition on input line 459.


Overfull \hbox (3.74657pt too wide) in paragraph at lines 461--461
[][]\OT1/cmtt/m/n/10 clumps[] []<-[] []clump.markers[][](data,[] []gwas.result[
] []= an0,[] []chr[] []=[] []6[][],[] []bp.dist[] []=[] []250000[][],[][] 
 []

<images/clump_markers.png, id=69, 650.43pt x 361.35pt>
File: images/clump_markers.png Graphic file (type png)

<use images/clump_markers.png>
Package pdftex.def Info: images/clump_markers.png used on input line 466.
(pdftex.def)             Requested size: 390.0pt x 216.67383pt.
 [14 <./images/plot_Manhattan_LD.png>]

Package xcolor Warning: Incompatible color definition on input line 476.

<images/plot_clumps.png, id=73, 650.43pt x 361.35pt>
File: images/plot_clumps.png Graphic file (type png)

<use images/plot_clumps.png>
Package pdftex.def Info: images/plot_clumps.png used on input line 483.
(pdftex.def)             Requested size: 390.0pt x 216.67383pt.
 [15 <./images/clump_markers.png> <./images/plot_clumps.png>] [16] (./tutorial-
knitr-pac.aux) ) 
Here is how much of TeX's memory you used:
 2907 strings out of 493315
 39901 string characters out of 6137904
 111716 words of memory out of 5000000
 6298 multiletter control sequences out of 15000+600000
 11181 words of font info for 42 fonts, out of 8000000 for 9000
 957 hyphenation exceptions out of 8191
 38i,8n,35p,525b,319s stack positions out of 5000i,500n,10000p,200000b,80000s
</usr/local/texlive/2013/texmf-dist/fonts/type1/public/amsfonts
/cm/cmbx12.pfb></usr/local/texlive/2013/texmf-dist/fonts/type1/public/amsfonts/
cm/cmitt10.pfb></usr/local/texlive/2013/texmf-dist/fonts/type1/public/amsfonts/
cm/cmmi10.pfb></usr/local/texlive/2013/texmf-dist/fonts/type1/public/amsfonts/c
m/cmmi12.pfb></usr/local/texlive/2013/texmf-dist/fonts/type1/public/amsfonts/cm
/cmmi8.pfb></usr/local/texlive/2013/texmf-dist/fonts/type1/public/amsfonts/cm/c
mr10.pfb></usr/local/texlive/2013/texmf-dist/fonts/type1/public/amsfonts/cm/cmr
12.pfb></usr/local/texlive/2013/texmf-dist/fonts/type1/public/amsfonts/cm/cmr17
.pfb></usr/local/texlive/2013/texmf-dist/fonts/type1/public/amsfonts/cm/cmr7.pf
b></usr/local/texlive/2013/texmf-dist/fonts/type1/public/amsfonts/cm/cmr8.pfb><
/usr/local/texlive/2013/texmf-dist/fonts/type1/public/amsfonts/cm/cmsy10.pfb></
usr/local/texlive/2013/texmf-dist/fonts/type1/public/amsfonts/cm/cmti12.pfb></u
sr/local/texlive/2013/texmf-dist/fonts/type1/public/amsfonts/cm/cmtt10.pfb></us
r/local/texlive/2013/texmf-dist/fonts/type1/public/amsfonts/cm/cmtt12.pfb>
Output written on tutorial-knitr-pac.pdf (16 pages, 476071 bytes).
PDF statistics:
 125 PDF objects out of 1000 (max. 8388607)
 79 compressed objects within 1 object stream
 0 named destinations out of 1000 (max. 500000)
 66 words of extra memory for PDF output out of 10000 (max. 10000000)

